<?xml version="1.0" encoding="UTF-8"?>
<!-- Generated by org.testng.reporters.JUnitXMLReporter -->
<testsuite hostname="Chinnammas-Macbook-Pro.local" ignored="0" name="Default test" tests="2" failures="0" timestamp="14 Jun 2019 08:14:57 GMT" time="2.909" errors="0">
  <testcase name="getDelhiClimateDetails" time="2.242" classname="www.chinnamma.com.MoEngage.Climatedetails"/>
  <testcase name="getClimateDetailsOfTheCity" time="0.635" classname="www.chinnamma.com.MoEngage.Climatedetails"/>
</testsuite> <!-- Default test -->
