<?xml version="1.0" encoding="UTF-8"?>
<!-- Generated by org.testng.reporters.JUnitXMLReporter -->
<testsuite hostname="Chinnammas-Macbook-Pro.local" ignored="0" name="Test" tests="4" failures="0" timestamp="14 Jun 2019 09:14:55 GMT" time="8.609" errors="0">
  <testcase name="getClimateDetailsOfTheCities" time="5.551" classname="www.chinnamma.com.MoEngage.HeatIndex"/>
  <testcase name="getTemperatureDetails" time="0.772" classname="www.chinnamma.com.MoEngage.BengluruTest"/>
  <testcase name="getDelhiClimateDetails" time="1.365" classname="www.chinnamma.com.MoEngage.Climatedetails"/>
  <testcase name="getClimateDetailsOfTheCity" time="0.883" classname="www.chinnamma.com.MoEngage.Climatedetails"/>
</testsuite> <!-- Test -->
